-------------------------------------------------------------------------------
Test set: TesteCarro
-------------------------------------------------------------------------------
Tests run: 2, Failures: 1, Errors: 0, Skipped: 0, Time elapsed: 0.158 sec <<< FAILURE! - in TesteCarro
ComparaCarros_Falha(TesteCarro)  Time elapsed: 0.019 sec  <<< FAILURE!
java.lang.AssertionError: expected:<11> but was:<1>
	at TesteCarro.ComparaCarros_Falha(TesteCarro.java:47)

