<?xml version="1.0" encoding="UTF-8"?>
<testsuite xmlns:xsi="http://www.w3.org/2001/XMLSchema-instance" xsi:schemaLocation="https://maven.apache.org/surefire/maven-surefire-plugin/xsd/surefire-test-report.xsd" name="TesteCarro" time="0.111" tests="2" errors="0" skipped="0" failures="1">
  <properties>
[...]
</properties>
  <testcase name="ComparaCarros_Sucesso" classname="TesteCarro" time="0.02"/>
  <testcase name="ComparaCarros_Falha" classname="TesteCarro" time="0.013">
    <failure message="expected:&lt;111&gt; but was:&lt;1&gt;" type="java.lang.AssertionError"><![CDATA[java.lang.AssertionError: expected:<111> but was:<1>
	at TesteCarro.ComparaCarros_Falha(TesteCarro.java:47)
]]></failure>
    <system-out><![CDATA[Modelos difentes: um é do : DusterE outro da :Captur
]]></system-out>
  </testcase>
</testsuite>